#
# There is insufficient memory for the Java Runtime Environment to continue.
# Native memory allocation (malloc) failed to allocate 32744 bytes for ChunkPool::allocate
# Possible reasons:
#   The system is out of physical RAM or swap space
#   The process is running with CompressedOops enabled, and the Java Heap may be blocking the growth of the native heap
# Possible solutions:
#   Reduce memory load on the system
#   Increase physical memory or swap space
#   Check if swap backing store is full
#   Decrease Java heap size (-Xmx/-Xms)
#   Decrease number of Java threads
#   Decrease Java thread stack sizes (-Xss)
#   Set larger code cache with -XX:ReservedCodeCacheSize=
#   JVM is running with Unscaled Compressed Oops mode in which the Java heap is
#     placed in the first 4GB address space. The Java Heap base address is the
#     maximum limit for the native heap growth. Please use -XX:HeapBaseMinAddress
#     to set the Java Heap base and to place the Java Heap above 4GB virtual address.
# This output file may be truncated or incomplete.
#
#  Out of Memory Error (./open/src/hotspot/share/memory/arena.cpp:81), pid=4136, tid=2584
#
# JRE version: Java(TM) SE Runtime Environment 18.9 (11.0.12+8) (build 11.0.12+8-LTS-237)
# Java VM: Java HotSpot(TM) 64-Bit Server VM 18.9 (11.0.12+8-LTS-237, mixed mode, tiered, compressed oops, g1 gc, windows-amd64)
# No core dump will be written. Minidumps are not enabled by default on client versions of Windows
#

---------------  S U M M A R Y ------------

Command Line: -javaagent:C:\Program Files\JetBrains\IntelliJ IDEA Community Edition 2022.2.1\lib\idea_rt.jar=49435:C:\Program Files\JetBrains\IntelliJ IDEA Community Edition 2022.2.1\bin -Dfile.encoding=UTF-8 day07_Operators.ArithmeticOperattors

Host: Intel(R) Core(TM) i5-2450M CPU @ 2.50GHz, 4 cores, 3G,  Windows 10 , 64 bit Build 19041 (10.0.19041.1889)
Time: Sun Sep 18 20:02:58 2022 Türkiye Standart Saati elapsed time: 0.326325 seconds (0d 0h 0m 0s)

---------------  T H R E A D  ---------------

Current thread (0x000001ba7ffa3000):  JavaThread "C1 CompilerThread0" daemon [_thread_in_native, id=2584, stack(0x00000024cc500000,0x00000024cc600000)]


Current CompileTask:
C1:    326  268       3       jdk.internal.org.objectweb.asm.Frame::execute (2264 bytes)

Stack: [0x00000024cc500000,0x00000024cc600000]
Native frames: (J=compiled Java code, j=interpreted, Vv=VM code, C=native code)
V  [jvm.dll+0x617d9a]
V  [jvm.dll+0x74eeef]
V  [jvm.dll+0x750599]
V  [jvm.dll+0x750c23]
V  [jvm.dll+0x2438d8]
V  [jvm.dll+0xba93b]
V  [jvm.dll+0xbac9c]
V  [jvm.dll+0x244e59]
V  [jvm.dll+0x244ffb]
V  [jvm.dll+0x2449d9]
V  [jvm.dll+0x13651e]
V  [jvm.dll+0x1364a7]
V  [jvm.dll+0x13c747]
V  [jvm.dll+0x13cc0c]
V  [jvm.dll+0x13cee7]
V  [jvm.dll+0x13cd1e]
V  [jvm.dll+0x120369]
V  [jvm.dll+0x11fe4a]
V  [jvm.dll+0x12002f]
V  [jvm.dll+0x11f2d7]
V  [jvm.dll+0x1211e7]
V  [jvm.dll+0x20b87c]
V  [jvm.dll+0x20997b]
V  [jvm.dll+0x716359]
V  [jvm.dll+0x70f064]
V  [jvm.dll+0x616f66]
C  [ucrtbase.dll+0x21bb2]
C  [KERNEL32.DLL+0x17034]
C  [ntdll.dll+0x52651]


---------------  P R O C E S S  ---------------

Threads class SMR info:
_java_thread_list=0x000001ba13abb830, length=11, elements={
0x000001ba77012800, 0x000001ba7ff81800, 0x000001ba7ff8e800, 0x000001ba13893000,
0x000001ba7ff9b800, 0x000001ba7ff9e800, 0x000001ba7ffa1800, 0x000001ba7ffa3000,
0x000001ba1389c000, 0x000001ba7ff19800, 0x000001ba13b2e000
}

Java Threads: ( => current thread )
  0x000001ba77012800 JavaThread "main" [_thread_blocked, id=4444, stack(0x00000024cb800000,0x00000024cb900000)]
  0x000001ba7ff81800 JavaThread "Reference Handler" daemon [_thread_blocked, id=6064, stack(0x00000024cbf00000,0x00000024cc000000)]
  0x000001ba7ff8e800 JavaThread "Finalizer" daemon [_thread_blocked, id=1812, stack(0x00000024cc000000,0x00000024cc100000)]
  0x000001ba13893000 JavaThread "Signal Dispatcher" daemon [_thread_blocked, id=5536, stack(0x00000024cc100000,0x00000024cc200000)]
  0x000001ba7ff9b800 JavaThread "Attach Listener" daemon [_thread_blocked, id=7412, stack(0x00000024cc200000,0x00000024cc300000)]
  0x000001ba7ff9e800 JavaThread "Service Thread" daemon [_thread_blocked, id=1924, stack(0x00000024cc300000,0x00000024cc400000)]
  0x000001ba7ffa1800 JavaThread "C2 CompilerThread0" daemon [_thread_in_native, id=5948, stack(0x00000024cc400000,0x00000024cc500000)]
=>0x000001ba7ffa3000 JavaThread "C1 CompilerThread0" daemon [_thread_in_native, id=2584, stack(0x00000024cc500000,0x00000024cc600000)]
  0x000001ba1389c000 JavaThread "Sweeper thread" daemon [_thread_blocked, id=4844, stack(0x00000024cc600000,0x00000024cc700000)]
  0x000001ba7ff19800 JavaThread "Common-Cleaner" daemon [_thread_blocked, id=4708, stack(0x00000024cc700000,0x00000024cc800000)]
  0x000001ba13b2e000 JavaThread "Monitor Ctrl-Break" daemon [_thread_in_native, id=3912, stack(0x00000024cc800000,0x00000024cc900000)]

Other Threads:
  0x000001ba7ff5d800 VMThread "VM Thread" [stack: 0x00000024cbe00000,0x00000024cbf00000] [id=3128]
  0x000001ba13b2f000 WatcherThread [stack: 0x00000024cc900000,0x00000024cca00000] [id=3004]
  0x000001ba77028800 GCTaskThread "GC Thread#0" [stack: 0x00000024cb900000,0x00000024cba00000] [id=2860]
  0x000001ba77044000 ConcurrentGCThread "G1 Main Marker" [stack: 0x00000024cba00000,0x00000024cbb00000] [id=5820]
  0x000001ba77045800 ConcurrentGCThread "G1 Conc#0" [stack: 0x00000024cbb00000,0x00000024cbc00000] [id=4744]
  0x000001ba7fdc3800 ConcurrentGCThread "G1 Refine#0" [stack: 0x00000024cbc00000,0x00000024cbd00000] [id=260]
  0x000001ba7fdc6000 ConcurrentGCThread "G1 Young RemSet Sampling" [stack: 0x00000024cbd00000,0x00000024cbe00000] [id=7888]

Threads with active compile tasks:
C2 CompilerThread0    361  294       4       java.lang.invoke.MethodType::parameterType (7 bytes)
C1 CompilerThread0    361  268       3       jdk.internal.org.objectweb.asm.Frame::execute (2264 bytes)

VM state:at safepoint (normal execution)

VM Mutex/Monitor currently owned by a thread:  ([mutex/lock_event])
[0x000001ba7700e660] Threads_lock - owner thread: 0x000001ba7ff5d800
[0x000001ba7700e420] Heap_lock - owner thread: 0x000001ba77012800
[0x000001ba7700ea50] MultiArray_lock - owner thread: 0x000001ba77012800
[0x000001ba7700d730] Compile_lock - owner thread: 0x000001ba77012800

Heap address: 0x00000000c1400000, size: 1004 MB, Compressed Oops mode: 32-bit
Narrow klass base: 0x0000000000000000, Narrow klass shift: 3
Compressed class space size: 1073741824 Address: 0x0000000100000000

Heap:
 garbage-first heap   total 65536K, used 2048K [0x00000000c1400000, 0x0000000100000000)
  region size 1024K, 3 young (3072K), 0 survivors (0K)
 Metaspace       used 6761K, capacity 6821K, committed 7040K, reserved 1056768K
  class space    used 610K, capacity 635K, committed 640K, reserved 1048576K
Heap Regions: E=young(eden), S=young(survivor), O=old, HS=humongous(starts), HC=humongous(continues), CS=collection set, F=free, A=archive, TAMS=top-at-mark-start (previous, next)
|   0|0x00000000c1400000, 0x00000000c1400000, 0x00000000c1500000|  0%| F|  |TAMS 0x00000000c1400000, 0x00000000c1400000| Untracked 
|   1|0x00000000c1500000, 0x00000000c1500000, 0x00000000c1600000|  0%| F|  |TAMS 0x00000000c1500000, 0x00000000c1500000| Untracked 
|   2|0x00000000c1600000, 0x00000000c1600000, 0x00000000c1700000|  0%| F|  |TAMS 0x00000000c1600000, 0x00000000c1600000| Untracked 
|   3|0x00000000c1700000, 0x00000000c1700000, 0x00000000c1800000|  0%| F|  |TAMS 0x00000000c1700000, 0x00000000c1700000| Untracked 
|   4|0x00000000c1800000, 0x00000000c1800000, 0x00000000c1900000|  0%| F|  |TAMS 0x00000000c1800000, 0x00000000c1800000| Untracked 
|   5|0x00000000c1900000, 0x00000000c1900000, 0x00000000c1a00000|  0%| F|  |TAMS 0x00000000c1900000, 0x00000000c1900000| Untracked 
|   6|0x00000000c1a00000, 0x00000000c1a00000, 0x00000000c1b00000|  0%| F|  |TAMS 0x00000000c1a00000, 0x00000000c1a00000| Untracked 
|   7|0x00000000c1b00000, 0x00000000c1b00000, 0x00000000c1c00000|  0%| F|  |TAMS 0x00000000c1b00000, 0x00000000c1b00000| Untracked 
|   8|0x00000000c1c00000, 0x00000000c1c00000, 0x00000000c1d00000|  0%| F|  |TAMS 0x00000000c1c00000, 0x00000000c1c00000| Untracked 
|   9|0x00000000c1d00000, 0x00000000c1d00000, 0x00000000c1e00000|  0%| F|  |TAMS 0x00000000c1d00000, 0x00000000c1d00000| Untracked 
|  10|0x00000000c1e00000, 0x00000000c1e00000, 0x00000000c1f00000|  0%| F|  |TAMS 0x00000000c1e00000, 0x00000000c1e00000| Untracked 
|  11|0x00000000c1f00000, 0x00000000c1f00000, 0x00000000c2000000|  0%| F|  |TAMS 0x00000000c1f00000, 0x00000000c1f00000| Untracked 
|  12|0x00000000c2000000, 0x00000000c2000000, 0x00000000c2100000|  0%| F|  |TAMS 0x00000000c2000000, 0x00000000c2000000| Untracked 
|  13|0x00000000c2100000, 0x00000000c2100000, 0x00000000c2200000|  0%| F|  |TAMS 0x00000000c2100000, 0x00000000c2100000| Untracked 
|  14|0x00000000c2200000, 0x00000000c2200000, 0x00000000c2300000|  0%| F|  |TAMS 0x00000000c2200000, 0x00000000c2200000| Untracked 
|  15|0x00000000c2300000, 0x00000000c2300000, 0x00000000c2400000|  0%| F|  |TAMS 0x00000000c2300000, 0x00000000c2300000| Untracked 
|  16|0x00000000c2400000, 0x00000000c2400000, 0x00000000c2500000|  0%| F|  |TAMS 0x00000000c2400000, 0x00000000c2400000| Untracked 
|  17|0x00000000c2500000, 0x00000000c2500000, 0x00000000c2600000|  0%| F|  |TAMS 0x00000000c2500000, 0x00000000c2500000| Untracked 
|  18|0x00000000c2600000, 0x00000000c2600000, 0x00000000c2700000|  0%| F|  |TAMS 0x00000000c2600000, 0x00000000c2600000| Untracked 
|  19|0x00000000c2700000, 0x00000000c2700000, 0x00000000c2800000|  0%| F|  |TAMS 0x00000000c2700000, 0x00000000c2700000| Untracked 
|  20|0x00000000c2800000, 0x00000000c2800000, 0x00000000c2900000|  0%| F|  |TAMS 0x00000000c2800000, 0x00000000c2800000| Untracked 
|  21|0x00000000c2900000, 0x00000000c2900000, 0x00000000c2a00000|  0%| F|  |TAMS 0x00000000c2900000, 0x00000000c2900000| Untracked 
|  22|0x00000000c2a00000, 0x00000000c2a00000, 0x00000000c2b00000|  0%| F|  |TAMS 0x00000000c2a00000, 0x00000000c2a00000| Untracked 
|  23|0x00000000c2b00000, 0x00000000c2b00000, 0x00000000c2c00000|  0%| F|  |TAMS 0x00000000c2b00000, 0x00000000c2b00000| Untracked 
|  24|0x00000000c2c00000, 0x00000000c2c00000, 0x00000000c2d00000|  0%| F|  |TAMS 0x00000000c2c00000, 0x00000000c2c00000| Untracked 
|  25|0x00000000c2d00000, 0x00000000c2d00000, 0x00000000c2e00000|  0%| F|  |TAMS 0x00000000c2d00000, 0x00000000c2d00000| Untracked 
|  26|0x00000000c2e00000, 0x00000000c2e00000, 0x00000000c2f00000|  0%| F|  |TAMS 0x00000000c2e00000, 0x00000000c2e00000| Untracked 
|  27|0x00000000c2f00000, 0x00000000c2f00000, 0x00000000c3000000|  0%| F|  |TAMS 0x00000000c2f00000, 0x00000000c2f00000| Untracked 
|  28|0x00000000c3000000, 0x00000000c3000000, 0x00000000c3100000|  0%| F|  |TAMS 0x00000000c3000000, 0x00000000c3000000| Untracked 
|  29|0x00000000c3100000, 0x00000000c3100000, 0x00000000c3200000|  0%| F|  |TAMS 0x00000000c3100000, 0x00000000c3100000| Untracked 
|  30|0x00000000c3200000, 0x00000000c3200000, 0x00000000c3300000|  0%| F|  |TAMS 0x00000000c3200000, 0x00000000c3200000| Untracked 
|  31|0x00000000c3300000, 0x00000000c3300000, 0x00000000c3400000|  0%| F|  |TAMS 0x00000000c3300000, 0x00000000c3300000| Untracked 
|  32|0x00000000c3400000, 0x00000000c3400000, 0x00000000c3500000|  0%| F|  |TAMS 0x00000000c3400000, 0x00000000c3400000| Untracked 
|  33|0x00000000c3500000, 0x00000000c3500000, 0x00000000c3600000|  0%| F|  |TAMS 0x00000000c3500000, 0x00000000c3500000| Untracked 
|  34|0x00000000c3600000, 0x00000000c3600000, 0x00000000c3700000|  0%| F|  |TAMS 0x00000000c3600000, 0x00000000c3600000| Untracked 
|  35|0x00000000c3700000, 0x00000000c3700000, 0x00000000c3800000|  0%| F|  |TAMS 0x00000000c3700000, 0x00000000c3700000| Untracked 
|  36|0x00000000c3800000, 0x00000000c3800000, 0x00000000c3900000|  0%| F|  |TAMS 0x00000000c3800000, 0x00000000c3800000| Untracked 
|  37|0x00000000c3900000, 0x00000000c3900000, 0x00000000c3a00000|  0%| F|  |TAMS 0x00000000c3900000, 0x00000000c3900000| Untracked 
|  38|0x00000000c3a00000, 0x00000000c3a00000, 0x00000000c3b00000|  0%| F|  |TAMS 0x00000000c3a00000, 0x00000000c3a00000| Untracked 
|  39|0x00000000c3b00000, 0x00000000c3b00000, 0x00000000c3c00000|  0%| F|  |TAMS 0x00000000c3b00000, 0x00000000c3b00000| Untracked 
|  40|0x00000000c3c00000, 0x00000000c3c00000, 0x00000000c3d00000|  0%| F|  |TAMS 0x00000000c3c00000, 0x00000000c3c00000| Untracked 
|  41|0x00000000c3d00000, 0x00000000c3d00000, 0x00000000c3e00000|  0%| F|  |TAMS 0x00000000c3d00000, 0x00000000c3d00000| Untracked 
|  42|0x00000000c3e00000, 0x00000000c3e00000, 0x00000000c3f00000|  0%| F|  |TAMS 0x00000000c3e00000, 0x00000000c3e00000| Untracked 
|  43|0x00000000c3f00000, 0x00000000c3f00000, 0x00000000c4000000|  0%| F|  |TAMS 0x00000000c3f00000, 0x00000000c3f00000| Untracked 
|  44|0x00000000c4000000, 0x00000000c4000000, 0x00000000c4100000|  0%| F|  |TAMS 0x00000000c4000000, 0x00000000c4000000| Untracked 
|  45|0x00000000c4100000, 0x00000000c4100000, 0x00000000c4200000|  0%| F|  |TAMS 0x00000000c4100000, 0x00000000c4100000| Untracked 
|  46|0x00000000c4200000, 0x00000000c4200000, 0x00000000c4300000|  0%| F|  |TAMS 0x00000000c4200000, 0x00000000c4200000| Untracked 
|  47|0x00000000c4300000, 0x00000000c4300000, 0x00000000c4400000|  0%| F|  |TAMS 0x00000000c4300000, 0x00000000c4300000| Untracked 
|  48|0x00000000c4400000, 0x00000000c4400000, 0x00000000c4500000|  0%| F|  |TAMS 0x00000000c4400000, 0x00000000c4400000| Untracked 
|  49|0x00000000c4500000, 0x00000000c4500000, 0x00000000c4600000|  0%| F|  |TAMS 0x00000000c4500000, 0x00000000c4500000| Untracked 
|  50|0x00000000c4600000, 0x00000000c4600000, 0x00000000c4700000|  0%| F|  |TAMS 0x00000000c4600000, 0x00000000c4600000| Untracked 
|  51|0x00000000c4700000, 0x00000000c4700000, 0x00000000c4800000|  0%| F|  |TAMS 0x00000000c4700000, 0x00000000c4700000| Untracked 
|  52|0x00000000c4800000, 0x00000000c4800000, 0x00000000c4900000|  0%| F|  |TAMS 0x00000000c4800000, 0x00000000c4800000| Untracked 
|  53|0x00000000c4900000, 0x00000000c4900000, 0x00000000c4a00000|  0%| F|  |TAMS 0x00000000c4900000, 0x00000000c4900000| Untracked 
|  54|0x00000000c4a00000, 0x00000000c4a00000, 0x00000000c4b00000|  0%| F|  |TAMS 0x00000000c4a00000, 0x00000000c4a00000| Untracked 
|  55|0x00000000c4b00000, 0x00000000c4b00000, 0x00000000c4c00000|  0%| F|  |TAMS 0x00000000c4b00000, 0x00000000c4b00000| Untracked 
|  56|0x00000000c4c00000, 0x00000000c4c00000, 0x00000000c4d00000|  0%| F|  |TAMS 0x00000000c4c00000, 0x00000000c4c00000| Untracked 
|  57|0x00000000c4d00000, 0x00000000c4d00000, 0x00000000c4e00000|  0%| F|  |TAMS 0x00000000c4d00000, 0x00000000c4d00000| Untracked 
|  58|0x00000000c4e00000, 0x00000000c4e00000, 0x00000000c4f00000|  0%| F|  |TAMS 0x00000000c4e00000, 0x00000000c4e00000| Untracked 
|  59|0x00000000c4f00000, 0x00000000c4f00000, 0x00000000c5000000|  0%| F|  |TAMS 0x00000000c4f00000, 0x00000000c4f00000| Untracked 
|  60|0x00000000c5000000, 0x00000000c5000000, 0x00000000c5100000|  0%| F|  |TAMS 0x00000000c5000000, 0x00000000c5000000| Untracked 
|  61|0x00000000c5100000, 0x00000000c51d78f8, 0x00000000c5200000| 84%| E|  |TAMS 0x00000000c5100000, 0x00000000c5100000| Complete 
|  62|0x00000000c5200000, 0x00000000c5300000, 0x00000000c5300000|100%| E|CS|TAMS 0x00000000c5200000, 0x00000000c5200000| Complete 
|  63|0x00000000c5300000, 0x00000000c5400000, 0x00000000c5400000|100%| E|CS|TAMS 0x00000000c5300000, 0x00000000c5300000| Complete 

Card table byte_map: [0x000001ba7f670000,0x000001ba7f870000] _byte_map_base: 0x000001ba7f066000

Marking Bits (Prev, Next): (CMBitMap*) 0x000001ba7703f248, (CMBitMap*) 0x000001ba7703f280
 Prev Bits: [0x000001ba0f000000, 0x000001ba0ffb0000)
 Next Bits: [0x000001ba0ffb0000, 0x000001ba10f60000)

Polling page: 0x000001ba74fa0000

Metaspace:

Usage:
  Non-class:      6.04 MB capacity,     6.01 MB (>99%) used,    27.68 KB ( <1%) free+waste,     7.31 KB ( <1%) overhead. 
      Class:    635.00 KB capacity,   610.37 KB ( 96%) used,    20.88 KB (  3%) free+waste,     3.75 KB ( <1%) overhead. 
       Both:      6.66 MB capacity,     6.60 MB (>99%) used,    48.56 KB ( <1%) free+waste,    11.06 KB ( <1%) overhead. 

Virtual space:
  Non-class space:        8.00 MB reserved,       6.25 MB ( 78%) committed 
      Class space:        1.00 GB reserved,     640.00 KB ( <1%) committed 
             Both:        1.01 GB reserved,       6.88 MB ( <1%) committed 

Chunk freelists:
   Non-Class:  2.75 KB
       Class:  640 bytes
        Both:  3.38 KB

CodeHeap 'non-profiled nmethods': size=120064Kb used=86Kb max_used=86Kb free=119977Kb
 bounds [0x000001ba07ac0000, 0x000001ba07d30000, 0x000001ba0f000000]
CodeHeap 'profiled nmethods': size=120000Kb used=317Kb max_used=317Kb free=119682Kb
 bounds [0x000001ba00590000, 0x000001ba00800000, 0x000001ba07ac0000]
CodeHeap 'non-nmethods': size=5696Kb used=1056Kb max_used=1065Kb free=4639Kb
 bounds [0x000001ba00000000, 0x000001ba00270000, 0x000001ba00590000]
 total_blobs=636 nmethods=289 adapters=259
 compilation: enabled
              stopped_count=0, restarted_count=0
 full_count=0

Compilation events (10 events):
Event: 0.314 Thread 0x000001ba7ffa3000  260       3       java.lang.invoke.LambdaForm$Name::lastUseIndex (36 bytes)
Event: 0.314 Thread 0x000001ba7ffa1800 nmethod 259 0x000001ba07ad1f10 code [0x000001ba07ad20a0, 0x000001ba07ad2118]
Event: 0.314 Thread 0x000001ba7ffa3000 nmethod 260 0x000001ba005dd010 code [0x000001ba005dd1c0, 0x000001ba005dd458]
Event: 0.314 Thread 0x000001ba7ffa3000  261       3       jdk.internal.org.objectweb.asm.Frame::push (110 bytes)
Event: 0.314 Thread 0x000001ba7ffa3000 nmethod 261 0x000001ba005dd590 code [0x000001ba005dd760, 0x000001ba005ddcc8]
Event: 0.314 Thread 0x000001ba7ffa3000  262       3       java.lang.invoke.MethodType::checkPtypes (61 bytes)
Event: 0.315 Thread 0x000001ba7ffa3000 nmethod 262 0x000001ba005dde90 code [0x000001ba005de100, 0x000001ba005deaa8]
Event: 0.315 Thread 0x000001ba7ffa3000  267       3       java.lang.invoke.LambdaForm$Name::useCount (42 bytes)
Event: 0.316 Thread 0x000001ba7ffa3000 nmethod 267 0x000001ba005dee90 code [0x000001ba005df040, 0x000001ba005df338]
Event: 0.316 Thread 0x000001ba7ffa3000  268       3       jdk.internal.org.objectweb.asm.Frame::execute (2264 bytes)

GC Heap History (0 events):
No events

Deoptimization events (1 events):
Event: 0.247 Thread 0x000001ba77012800 Uncommon trap: reason=unstable_if action=reinterpret pc=0x000001ba07ac973c method=java.lang.String.equals(Ljava/lang/Object;)Z @ 34 c2

Classes redefined (0 events):
No events

Internal exceptions (0 events):
No events

Events (10 events):
Event: 0.307 loading class java/lang/invoke/BoundMethodHandle$Species_LLLLL
Event: 0.307 loading class java/lang/invoke/BoundMethodHandle$Species_LLLLL done
Event: 0.310 loading class java/lang/invoke/BoundMethodHandle$Species_LLLLLL
Event: 0.310 loading class java/lang/invoke/BoundMethodHandle$Species_LLLLLL done
Event: 0.314 loading class java/lang/invoke/BoundMethodHandle$Species_LLLLLLL
Event: 0.314 loading class java/lang/invoke/BoundMethodHandle$Species_LLLLLLL done
Event: 0.318 loading class java/lang/invoke/BoundMethodHandle$Species_LLLLLLLL
Event: 0.318 loading class java/lang/invoke/BoundMethodHandle$Species_LLLLLLLL done
Event: 0.320 loading class java/lang/invoke/BoundMethodHandle$Species_LLLLLLLLL
Event: 0.320 loading class java/lang/invoke/BoundMethodHandle$Species_LLLLLLLLL done


Dynamic libraries:
0x00007ff6c3380000 - 0x00007ff6c338f000 	C:\Program Files\Java\jdk-11.0.12\bin\java.exe
0x00007ffd6c850000 - 0x00007ffd6ca48000 	C:\Windows\SYSTEM32\ntdll.dll
0x00007ffd6bbe0000 - 0x00007ffd6bc9d000 	C:\Windows\System32\KERNEL32.DLL
0x00007ffd6a210000 - 0x00007ffd6a4de000 	C:\Windows\System32\KERNELBASE.dll
0x00007ffd6a650000 - 0x00007ffd6a750000 	C:\Windows\System32\ucrtbase.dll
0x00007ffd65c10000 - 0x00007ffd65c28000 	C:\Program Files\Java\jdk-11.0.12\bin\jli.dll
0x00007ffd65bc0000 - 0x00007ffd65bd5000 	C:\Program Files\Java\jdk-11.0.12\bin\VCRUNTIME140.dll
0x00007ffd6aac0000 - 0x00007ffd6ab6e000 	C:\Windows\System32\ADVAPI32.dll
0x00007ffd6b460000 - 0x00007ffd6b4fe000 	C:\Windows\System32\msvcrt.dll
0x00007ffd6b1c0000 - 0x00007ffd6b25c000 	C:\Windows\System32\sechost.dll
0x00007ffd6c5d0000 - 0x00007ffd6c6f5000 	C:\Windows\System32\RPCRT4.dll
0x00007ffd6b500000 - 0x00007ffd6b6a0000 	C:\Windows\System32\USER32.dll
0x00007ffd6a620000 - 0x00007ffd6a642000 	C:\Windows\System32\win32u.dll
0x00007ffd6c7e0000 - 0x00007ffd6c80a000 	C:\Windows\System32\GDI32.dll
0x00007ffd6a050000 - 0x00007ffd6a15b000 	C:\Windows\System32\gdi32full.dll
0x00007ffd6a4e0000 - 0x00007ffd6a57d000 	C:\Windows\System32\msvcp_win.dll
0x00007ffd69cc0000 - 0x00007ffd69cca000 	C:\Windows\SYSTEM32\VERSION.dll
0x00007ffd5b680000 - 0x00007ffd5b91a000 	C:\Windows\WinSxS\amd64_microsoft.windows.common-controls_6595b64144ccf1df_6.0.19041.1110_none_60b5254171f9507e\COMCTL32.dll
0x00007ffd6aca0000 - 0x00007ffd6acd0000 	C:\Windows\System32\IMM32.DLL
0x00007ffd69cd0000 - 0x00007ffd69d06000 	C:\Windows\system32\DriverStore\FileRepository\nvsmi.inf_amd64_d948da72bde46eee\nvinitx.dll
0x00007ffd6bdf0000 - 0x00007ffd6c534000 	C:\Windows\System32\Shell32.dll
0x00007ffd68020000 - 0x00007ffd687b4000 	C:\Windows\SYSTEM32\windows.storage.dll
0x00007ffd6adf0000 - 0x00007ffd6b144000 	C:\Windows\System32\combase.dll
0x00007ffd698b0000 - 0x00007ffd698e0000 	C:\Windows\SYSTEM32\Wldp.dll
0x00007ffd6abf0000 - 0x00007ffd6ac9d000 	C:\Windows\System32\SHCORE.dll
0x00007ffd6b150000 - 0x00007ffd6b1a5000 	C:\Windows\System32\shlwapi.dll
0x0000000068390000 - 0x0000000068396000 	C:\Program Files\NVIDIA Corporation\CoProcManager\_etoured.dll
0x00007ffd62070000 - 0x00007ffd620b3000 	C:\Program Files\NVIDIA Corporation\CoProcManager\nvd3d9wrapx.dll
0x00007ffd6b6a0000 - 0x00007ffd6bb0f000 	C:\Windows\System32\SETUPAPI.dll
0x00007ffd6a000000 - 0x00007ffd6a04e000 	C:\Windows\System32\cfgmgr32.dll
0x00007ffd6a580000 - 0x00007ffd6a5a7000 	C:\Windows\System32\bcrypt.dll
0x00007ffd61cc0000 - 0x00007ffd61ced000 	C:\Program Files\NVIDIA Corporation\CoProcManager\nvdxgiwrapx.dll
0x00007ffd62f20000 - 0x00007ffd62fbb000 	C:\Program Files\Java\jdk-11.0.12\bin\msvcp140.dll
0x00007ffd45110000 - 0x00007ffd45c0f000 	C:\Program Files\Java\jdk-11.0.12\bin\server\jvm.dll
0x00007ffd6bd20000 - 0x00007ffd6bd28000 	C:\Windows\System32\PSAPI.DLL
0x00007ffd67720000 - 0x00007ffd67729000 	C:\Windows\SYSTEM32\WSOCK32.dll
0x00007ffd6bb70000 - 0x00007ffd6bbdb000 	C:\Windows\System32\WS2_32.dll
0x00007ffd609e0000 - 0x00007ffd60a07000 	C:\Windows\SYSTEM32\WINMM.dll
0x00007ffd67e20000 - 0x00007ffd67e32000 	C:\Windows\SYSTEM32\kernel.appcore.dll
0x00007ffd65b60000 - 0x00007ffd65b70000 	C:\Program Files\Java\jdk-11.0.12\bin\verify.dll
0x00007ffd58780000 - 0x00007ffd58964000 	C:\Windows\SYSTEM32\DBGHELP.DLL
0x00007ffd58750000 - 0x00007ffd5877c000 	C:\Windows\SYSTEM32\dbgcore.DLL
0x00007ffd69f70000 - 0x00007ffd69ff2000 	C:\Windows\System32\bcryptPrimitives.dll
0x00007ffd62ef0000 - 0x00007ffd62f18000 	C:\Program Files\Java\jdk-11.0.12\bin\java.dll
0x00007ffd64920000 - 0x00007ffd6492a000 	C:\Program Files\Java\jdk-11.0.12\bin\jimage.dll
0x00007ffd64880000 - 0x00007ffd6488e000 	C:\Program Files\Java\jdk-11.0.12\bin\instrument.dll
0x00007ffd62ed0000 - 0x00007ffd62ee6000 	C:\Program Files\Java\jdk-11.0.12\bin\zip.dll
0x00007ffd69eb0000 - 0x00007ffd69ecf000 	C:\Windows\SYSTEM32\profapi.dll
0x00007ffd62eb0000 - 0x00007ffd62ec9000 	C:\Program Files\Java\jdk-11.0.12\bin\net.dll
0x00007ffd60020000 - 0x00007ffd6012a000 	C:\Windows\SYSTEM32\WINHTTP.dll
0x00007ffd69610000 - 0x00007ffd6967a000 	C:\Windows\system32\mswsock.dll
0x00007ffd62e90000 - 0x00007ffd62ea2000 	C:\Program Files\Java\jdk-11.0.12\bin\nio.dll
0x00007ffd62e70000 - 0x00007ffd62e8a000 	C:\Program Files\JetBrains\IntelliJ IDEA Community Edition 2022.2.1\bin\breakgen64.dll

dbghelp: loaded successfully - version: 4.0.5 - missing functions: none
symbol engine: initialized successfully - sym options: 0x614 - pdb path: .;C:\Program Files\Java\jdk-11.0.12\bin;C:\Windows\SYSTEM32;C:\Windows\WinSxS\amd64_microsoft.windows.common-controls_6595b64144ccf1df_6.0.19041.1110_none_60b5254171f9507e;C:\Windows\system32\DriverStore\FileRepository\nvsmi.inf_amd64_d948da72bde46eee;C:\Program Files\NVIDIA Corporation\CoProcManager;C:\Program Files\Java\jdk-11.0.12\bin\server;C:\Program Files\JetBrains\IntelliJ IDEA Community Edition 2022.2.1\bin

VM Arguments:
jvm_args: -javaagent:C:\Program Files\JetBrains\IntelliJ IDEA Community Edition 2022.2.1\lib\idea_rt.jar=49435:C:\Program Files\JetBrains\IntelliJ IDEA Community Edition 2022.2.1\bin -Dfile.encoding=UTF-8 
java_command: day07_Operators.ArithmeticOperattors
java_class_path (initial): C:\Kullanıcılar\SAMSUNG\IdeaProjects\JavaProgramming\JavaProgramming\out\production\JavaProgramming
Launcher Type: SUN_STANDARD

[Global flags]
     intx CICompilerCount                          = 3                                         {product} {ergonomic}
     uint ConcGCThreads                            = 1                                         {product} {ergonomic}
     uint G1ConcRefinementThreads                  = 4                                         {product} {ergonomic}
   size_t G1HeapRegionSize                         = 1048576                                   {product} {ergonomic}
    uintx GCDrainStackTargetSize                   = 64                                        {product} {ergonomic}
   size_t InitialHeapSize                          = 67108864                                  {product} {ergonomic}
   size_t MarkStackSize                            = 4194304                                   {product} {ergonomic}
   size_t MaxHeapSize                              = 1052770304                                {product} {ergonomic}
   size_t MaxNewSize                               = 631242752                                 {product} {ergonomic}
   size_t MinHeapDeltaBytes                        = 1048576                                   {product} {ergonomic}
    uintx NonNMethodCodeHeapSize                   = 5830732                                {pd product} {ergonomic}
    uintx NonProfiledCodeHeapSize                  = 122913754                              {pd product} {ergonomic}
    uintx ProfiledCodeHeapSize                     = 122913754                              {pd product} {ergonomic}
    uintx ReservedCodeCacheSize                    = 251658240                              {pd product} {ergonomic}
     bool SegmentedCodeCache                       = true                                      {product} {ergonomic}
     bool UseCompressedClassPointers               = true                                 {lp64_product} {ergonomic}
     bool UseCompressedOops                        = true                                 {lp64_product} {ergonomic}
     bool UseG1GC                                  = true                                      {product} {ergonomic}
     bool UseLargePagesIndividualAllocation        = false                                  {pd product} {ergonomic}

Logging:
Log output configuration:
 #0: stdout all=warning uptime,level,tags
 #1: stderr all=off uptime,level,tags

Environment Variables:
PATH=C:\Program Files\Common Files\Oracle\Java\javapath;C:\Program Files (x86)\Common Files\Oracle\Java\javapath;C:\Windows\system32;C:\Windows;C:\Windows\System32\Wbem;C:\Windows\System32\WindowsPowerShell\v1.0\;C:\Windows\System32\OpenSSH\;C:\Program Files (x86)\QT Lite\QTSystem;C:\Users\SAMSUNG\AppData\Local\Microsoft\WindowsApps;;C:\Program Files\JetBrains\IntelliJ IDEA Community Edition 2022.2.1\bin;
USERNAME=SAMSUNG
OS=Windows_NT
PROCESSOR_IDENTIFIER=Intel64 Family 6 Model 42 Stepping 7, GenuineIntel



---------------  S Y S T E M  ---------------

OS: Windows 10 , 64 bit Build 19041 (10.0.19041.1889)

CPU:total 4 (initial active 4) (2 cores per cpu, 2 threads per core) family 6 model 42 stepping 7 microcode 0x2f, cmov, cx8, fxsr, mmx, sse, sse2, sse3, ssse3, sse4.1, sse4.2, popcnt, avx, aes, clmul, ht, tsc, tscinvbit

Memory: 4k page, system-wide physical 4009M (259M free)
TotalPageFile size 4009M (AvailPageFile size 3M)
current process WorkingSet (physical memory assigned to process): 37M, peak: 37M
current process commit charge ("private bytes"): 133M, peak: 133M

vm_info: Java HotSpot(TM) 64-Bit Server VM (11.0.12+8-LTS-237) for windows-amd64 JRE (11.0.12+8-LTS-237), built on Jun  8 2021 11:25:59 by "mach5one" with MS VC++ 15.9 (VS2017)

END.
