#
# There is insufficient memory for the Java Runtime Environment to continue.
# Native memory allocation (malloc) failed to allocate 32744 bytes for ChunkPool::allocate
# Possible reasons:
#   The system is out of physical RAM or swap space
#   The process is running with CompressedOops enabled, and the Java Heap may be blocking the growth of the native heap
# Possible solutions:
#   Reduce memory load on the system
#   Increase physical memory or swap space
#   Check if swap backing store is full
#   Decrease Java heap size (-Xmx/-Xms)
#   Decrease number of Java threads
#   Decrease Java thread stack sizes (-Xss)
#   Set larger code cache with -XX:ReservedCodeCacheSize=
#   JVM is running with Unscaled Compressed Oops mode in which the Java heap is
#     placed in the first 4GB address space. The Java Heap base address is the
#     maximum limit for the native heap growth. Please use -XX:HeapBaseMinAddress
#     to set the Java Heap base and to place the Java Heap above 4GB virtual address.
# This output file may be truncated or incomplete.
#
#  Out of Memory Error (./open/src/hotspot/share/memory/arena.cpp:81), pid=6024, tid=2572
#
# JRE version: Java(TM) SE Runtime Environment 18.9 (11.0.12+8) (build 11.0.12+8-LTS-237)
# Java VM: Java HotSpot(TM) 64-Bit Server VM 18.9 (11.0.12+8-LTS-237, mixed mode, tiered, compressed oops, g1 gc, windows-amd64)
# No core dump will be written. Minidumps are not enabled by default on client versions of Windows
#

---------------  S U M M A R Y ------------

Command Line: -javaagent:C:\Program Files\JetBrains\IntelliJ IDEA Community Edition 2022.2.1\lib\idea_rt.jar=59860:C:\Program Files\JetBrains\IntelliJ IDEA Community Edition 2022.2.1\bin -Dfile.encoding=UTF-8 week04_10_01_2022.CharacterType

Host: Intel(R) Core(TM) i5-2450M CPU @ 2.50GHz, 4 cores, 3G,  Windows 10 , 64 bit Build 19041 (10.0.19041.1889)
Time: Sat Oct  1 21:44:24 2022 Türkiye Standart Saati elapsed time: 0.193645 seconds (0d 0h 0m 0s)

---------------  T H R E A D  ---------------

Current thread (0x000001bc0cc73800):  JavaThread "main" [_thread_in_vm, id=2572, stack(0x0000008cbe400000,0x0000008cbe500000)]

Stack: [0x0000008cbe400000,0x0000008cbe500000]
Native frames: (J=compiled Java code, j=interpreted, Vv=VM code, C=native code)
V  [jvm.dll+0x617d9a]
V  [jvm.dll+0x74eeef]
V  [jvm.dll+0x750599]
V  [jvm.dll+0x750c23]
V  [jvm.dll+0x2438d8]
V  [jvm.dll+0xba93b]
V  [jvm.dll+0xbac9c]
V  [jvm.dll+0x24ac89]
V  [jvm.dll+0x24a2b6]
V  [jvm.dll+0x1b9499]
V  [jvm.dll+0x1b893e]
V  [jvm.dll+0x4f3162]
V  [jvm.dll+0x1c8ad0]
V  [jvm.dll+0x6eb3ce]
V  [jvm.dll+0x6ec7a1]
V  [jvm.dll+0x6ec9d3]
V  [jvm.dll+0x23ce9e]
V  [jvm.dll+0x361814]
C  0x000001bc150e11f9

Java frames: (J=compiled Java code, j=interpreted, Vv=VM code)
j  java.util.ImmutableCollections.listCopy(Ljava/util/Collection;)Ljava/util/List;+11 java.base@11.0.12
j  java.util.List.copyOf(Ljava/util/Collection;)Ljava/util/List;+1 java.base@11.0.12
j  java.lang.invoke.ClassSpecializer.<init>(Ljava/lang/Class;Ljava/lang/Class;Ljava/lang/Class;Ljava/lang/invoke/MethodType;Ljava/lang/invoke/MemberName;Ljava/lang/String;Ljava/util/List;)V+39 java.base@11.0.12
j  java.lang.invoke.BoundMethodHandle$Specializer.<init>()V+32 java.base@11.0.12
j  java.lang.invoke.BoundMethodHandle.<clinit>()V+20 java.base@11.0.12
v  ~StubRoutines::call_stub
j  jdk.internal.misc.Unsafe.ensureClassInitialized0(Ljava/lang/Class;)V+0 java.base@11.0.12
j  jdk.internal.misc.Unsafe.ensureClassInitialized(Ljava/lang/Class;)V+14 java.base@11.0.12
j  java.lang.invoke.LambdaForm.createFormsFor(Ljava/lang/invoke/LambdaForm$BasicType;)V+5 java.base@11.0.12
j  java.lang.invoke.LambdaForm.identityForm(Ljava/lang/invoke/LambdaForm$BasicType;)Ljava/lang/invoke/LambdaForm;+18 java.base@11.0.12
j  java.lang.invoke.MethodHandles.makeIdentity(Ljava/lang/Class;)Ljava/lang/invoke/MethodHandle;+10 java.base@11.0.12
j  java.lang.invoke.MethodHandles.identity(Ljava/lang/Class;)Ljava/lang/invoke/MethodHandle;+41 java.base@11.0.12
j  java.lang.invoke.MethodHandles.constant(Ljava/lang/Class;Ljava/lang/Object;)Ljava/lang/invoke/MethodHandle;+79 java.base@11.0.12
j  java.lang.invoke.InnerClassLambdaMetafactory.buildCallSite()Ljava/lang/invoke/CallSite;+103 java.base@11.0.12
j  java.lang.invoke.LambdaMetafactory.metafactory(Ljava/lang/invoke/MethodHandles$Lookup;Ljava/lang/String;Ljava/lang/invoke/MethodType;Ljava/lang/invoke/MethodType;Ljava/lang/invoke/MethodHandle;Ljava/lang/invoke/MethodType;)Ljava/lang/invoke/CallSite;+31 java.base@11.0.12
j  java.lang.invoke.DirectMethodHandle$Holder.invokeStatic(Ljava/lang/Object;Ljava/lang/Object;Ljava/lang/Object;Ljava/lang/Object;Ljava/lang/Object;Ljava/lang/Object;Ljava/lang/Object;)Ljava/lang/Object;+20 java.base@11.0.12
j  java.lang.invoke.Invokers$Holder.invokeExact_MT(Ljava/lang/Object;Ljava/lang/Object;Ljava/lang/Object;Ljava/lang/Object;Ljava/lang/Object;Ljava/lang/Object;Ljava/lang/Object;Ljava/lang/Object;)Ljava/lang/Object;+28 java.base@11.0.12
j  java.lang.invoke.BootstrapMethodInvoker.invoke(Ljava/lang/Class;Ljava/lang/invoke/MethodHandle;Ljava/lang/String;Ljava/lang/Object;Ljava/lang/Object;Ljava/lang/Class;)Ljava/lang/Object;+262 java.base@11.0.12
j  java.lang.invoke.CallSite.makeSite(Ljava/lang/invoke/MethodHandle;Ljava/lang/String;Ljava/lang/invoke/MethodType;Ljava/lang/Object;Ljava/lang/Class;)Ljava/lang/invoke/CallSite;+8 java.base@11.0.12
j  java.lang.invoke.MethodHandleNatives.linkCallSiteImpl(Ljava/lang/Class;Ljava/lang/invoke/MethodHandle;Ljava/lang/String;Ljava/lang/invoke/MethodType;Ljava/lang/Object;[Ljava/lang/Object;)Ljava/lang/invoke/MemberName;+6 java.base@11.0.12
j  java.lang.invoke.MethodHandleNatives.linkCallSite(Ljava/lang/Object;ILjava/lang/Object;Ljava/lang/Object;Ljava/lang/Object;Ljava/lang/Object;[Ljava/lang/Object;)Ljava/lang/invoke/MemberName;+46 java.base@11.0.12
v  ~StubRoutines::call_stub
j  jdk.internal.module.DefaultRoots.compute(Ljava/lang/module/ModuleFinder;Ljava/lang/module/ModuleFinder;)Ljava/util/Set;+11 java.base@11.0.12
j  jdk.internal.module.ModuleBootstrap.boot()Ljava/lang/ModuleLayer;+628 java.base@11.0.12
j  java.lang.System.initPhase2(ZZ)I+0 java.base@11.0.12
v  ~StubRoutines::call_stub

---------------  P R O C E S S  ---------------

Threads class SMR info:
_java_thread_list=0x000001bc28b52af0, length=9, elements={
0x000001bc0cc73800, 0x000001bc28b36800, 0x000001bc28b41000, 0x000001bc29493000,
0x000001bc28b4a000, 0x000001bc28b4a800, 0x000001bc28b4d800, 0x000001bc28b51800,
0x000001bc294f9000
}

Java Threads: ( => current thread )
=>0x000001bc0cc73800 JavaThread "main" [_thread_in_vm, id=2572, stack(0x0000008cbe400000,0x0000008cbe500000)]
  0x000001bc28b36800 JavaThread "Reference Handler" daemon [_thread_blocked, id=7424, stack(0x0000008cbeb00000,0x0000008cbec00000)]
  0x000001bc28b41000 JavaThread "Finalizer" daemon [_thread_blocked, id=2680, stack(0x0000008cbec00000,0x0000008cbed00000)]
  0x000001bc29493000 JavaThread "Signal Dispatcher" daemon [_thread_blocked, id=6720, stack(0x0000008cbed00000,0x0000008cbee00000)]
  0x000001bc28b4a000 JavaThread "Attach Listener" daemon [_thread_blocked, id=668, stack(0x0000008cbee00000,0x0000008cbef00000)]
  0x000001bc28b4a800 JavaThread "Service Thread" daemon [_thread_blocked, id=5692, stack(0x0000008cbef00000,0x0000008cbf000000)]
  0x000001bc28b4d800 JavaThread "C2 CompilerThread0" daemon [_thread_blocked, id=1316, stack(0x0000008cbf000000,0x0000008cbf100000)]
  0x000001bc28b51800 JavaThread "C1 CompilerThread0" daemon [_thread_blocked, id=72, stack(0x0000008cbf100000,0x0000008cbf200000)]
  0x000001bc294f9000 JavaThread "Sweeper thread" daemon [_thread_blocked, id=8024, stack(0x0000008cbf200000,0x0000008cbf300000)]

Other Threads:
  0x000001bc28b10000 VMThread "VM Thread" [stack: 0x0000008cbea00000,0x0000008cbeb00000] [id=7684]
  0x000001bc0cc89800 GCTaskThread "GC Thread#0" [stack: 0x0000008cbe500000,0x0000008cbe600000] [id=4856]
  0x000001bc0cca6000 ConcurrentGCThread "G1 Main Marker" [stack: 0x0000008cbe600000,0x0000008cbe700000] [id=5992]
  0x000001bc0cca9800 ConcurrentGCThread "G1 Conc#0" [stack: 0x0000008cbe700000,0x0000008cbe800000] [id=4224]
  0x000001bc28977800 ConcurrentGCThread "G1 Refine#0" [stack: 0x0000008cbe800000,0x0000008cbe900000] [id=8060]
  0x000001bc28978000 ConcurrentGCThread "G1 Young RemSet Sampling" [stack: 0x0000008cbe900000,0x0000008cbea00000] [id=200]

Threads with active compile tasks:

VM state:not at safepoint (normal execution)

VM Mutex/Monitor currently owned by a thread: None

Heap address: 0x00000000c1400000, size: 1004 MB, Compressed Oops mode: 32-bit
Narrow klass base: 0x0000000000000000, Narrow klass shift: 3
Compressed class space size: 1073741824 Address: 0x0000000100000000

Heap:
 garbage-first heap   total 65536K, used 0K [0x00000000c1400000, 0x0000000100000000)
  region size 1024K, 1 young (1024K), 0 survivors (0K)
 Metaspace       used 4105K, capacity 4483K, committed 4864K, reserved 1056768K
  class space    used 330K, capacity 385K, committed 512K, reserved 1048576K
Heap Regions: E=young(eden), S=young(survivor), O=old, HS=humongous(starts), HC=humongous(continues), CS=collection set, F=free, A=archive, TAMS=top-at-mark-start (previous, next)
|   0|0x00000000c1400000, 0x00000000c1400000, 0x00000000c1500000|  0%| F|  |TAMS 0x00000000c1400000, 0x00000000c1400000| Untracked 
|   1|0x00000000c1500000, 0x00000000c1500000, 0x00000000c1600000|  0%| F|  |TAMS 0x00000000c1500000, 0x00000000c1500000| Untracked 
|   2|0x00000000c1600000, 0x00000000c1600000, 0x00000000c1700000|  0%| F|  |TAMS 0x00000000c1600000, 0x00000000c1600000| Untracked 
|   3|0x00000000c1700000, 0x00000000c1700000, 0x00000000c1800000|  0%| F|  |TAMS 0x00000000c1700000, 0x00000000c1700000| Untracked 
|   4|0x00000000c1800000, 0x00000000c1800000, 0x00000000c1900000|  0%| F|  |TAMS 0x00000000c1800000, 0x00000000c1800000| Untracked 
|   5|0x00000000c1900000, 0x00000000c1900000, 0x00000000c1a00000|  0%| F|  |TAMS 0x00000000c1900000, 0x00000000c1900000| Untracked 
|   6|0x00000000c1a00000, 0x00000000c1a00000, 0x00000000c1b00000|  0%| F|  |TAMS 0x00000000c1a00000, 0x00000000c1a00000| Untracked 
|   7|0x00000000c1b00000, 0x00000000c1b00000, 0x00000000c1c00000|  0%| F|  |TAMS 0x00000000c1b00000, 0x00000000c1b00000| Untracked 
|   8|0x00000000c1c00000, 0x00000000c1c00000, 0x00000000c1d00000|  0%| F|  |TAMS 0x00000000c1c00000, 0x00000000c1c00000| Untracked 
|   9|0x00000000c1d00000, 0x00000000c1d00000, 0x00000000c1e00000|  0%| F|  |TAMS 0x00000000c1d00000, 0x00000000c1d00000| Untracked 
|  10|0x00000000c1e00000, 0x00000000c1e00000, 0x00000000c1f00000|  0%| F|  |TAMS 0x00000000c1e00000, 0x00000000c1e00000| Untracked 
|  11|0x00000000c1f00000, 0x00000000c1f00000, 0x00000000c2000000|  0%| F|  |TAMS 0x00000000c1f00000, 0x00000000c1f00000| Untracked 
|  12|0x00000000c2000000, 0x00000000c2000000, 0x00000000c2100000|  0%| F|  |TAMS 0x00000000c2000000, 0x00000000c2000000| Untracked 
|  13|0x00000000c2100000, 0x00000000c2100000, 0x00000000c2200000|  0%| F|  |TAMS 0x00000000c2100000, 0x00000000c2100000| Untracked 
|  14|0x00000000c2200000, 0x00000000c2200000, 0x00000000c2300000|  0%| F|  |TAMS 0x00000000c2200000, 0x00000000c2200000| Untracked 
|  15|0x00000000c2300000, 0x00000000c2300000, 0x00000000c2400000|  0%| F|  |TAMS 0x00000000c2300000, 0x00000000c2300000| Untracked 
|  16|0x00000000c2400000, 0x00000000c2400000, 0x00000000c2500000|  0%| F|  |TAMS 0x00000000c2400000, 0x00000000c2400000| Untracked 
|  17|0x00000000c2500000, 0x00000000c2500000, 0x00000000c2600000|  0%| F|  |TAMS 0x00000000c2500000, 0x00000000c2500000| Untracked 
|  18|0x00000000c2600000, 0x00000000c2600000, 0x00000000c2700000|  0%| F|  |TAMS 0x00000000c2600000, 0x00000000c2600000| Untracked 
|  19|0x00000000c2700000, 0x00000000c2700000, 0x00000000c2800000|  0%| F|  |TAMS 0x00000000c2700000, 0x00000000c2700000| Untracked 
|  20|0x00000000c2800000, 0x00000000c2800000, 0x00000000c2900000|  0%| F|  |TAMS 0x00000000c2800000, 0x00000000c2800000| Untracked 
|  21|0x00000000c2900000, 0x00000000c2900000, 0x00000000c2a00000|  0%| F|  |TAMS 0x00000000c2900000, 0x00000000c2900000| Untracked 
|  22|0x00000000c2a00000, 0x00000000c2a00000, 0x00000000c2b00000|  0%| F|  |TAMS 0x00000000c2a00000, 0x00000000c2a00000| Untracked 
|  23|0x00000000c2b00000, 0x00000000c2b00000, 0x00000000c2c00000|  0%| F|  |TAMS 0x00000000c2b00000, 0x00000000c2b00000| Untracked 
|  24|0x00000000c2c00000, 0x00000000c2c00000, 0x00000000c2d00000|  0%| F|  |TAMS 0x00000000c2c00000, 0x00000000c2c00000| Untracked 
|  25|0x00000000c2d00000, 0x00000000c2d00000, 0x00000000c2e00000|  0%| F|  |TAMS 0x00000000c2d00000, 0x00000000c2d00000| Untracked 
|  26|0x00000000c2e00000, 0x00000000c2e00000, 0x00000000c2f00000|  0%| F|  |TAMS 0x00000000c2e00000, 0x00000000c2e00000| Untracked 
|  27|0x00000000c2f00000, 0x00000000c2f00000, 0x00000000c3000000|  0%| F|  |TAMS 0x00000000c2f00000, 0x00000000c2f00000| Untracked 
|  28|0x00000000c3000000, 0x00000000c3000000, 0x00000000c3100000|  0%| F|  |TAMS 0x00000000c3000000, 0x00000000c3000000| Untracked 
|  29|0x00000000c3100000, 0x00000000c3100000, 0x00000000c3200000|  0%| F|  |TAMS 0x00000000c3100000, 0x00000000c3100000| Untracked 
|  30|0x00000000c3200000, 0x00000000c3200000, 0x00000000c3300000|  0%| F|  |TAMS 0x00000000c3200000, 0x00000000c3200000| Untracked 
|  31|0x00000000c3300000, 0x00000000c3300000, 0x00000000c3400000|  0%| F|  |TAMS 0x00000000c3300000, 0x00000000c3300000| Untracked 
|  32|0x00000000c3400000, 0x00000000c3400000, 0x00000000c3500000|  0%| F|  |TAMS 0x00000000c3400000, 0x00000000c3400000| Untracked 
|  33|0x00000000c3500000, 0x00000000c3500000, 0x00000000c3600000|  0%| F|  |TAMS 0x00000000c3500000, 0x00000000c3500000| Untracked 
|  34|0x00000000c3600000, 0x00000000c3600000, 0x00000000c3700000|  0%| F|  |TAMS 0x00000000c3600000, 0x00000000c3600000| Untracked 
|  35|0x00000000c3700000, 0x00000000c3700000, 0x00000000c3800000|  0%| F|  |TAMS 0x00000000c3700000, 0x00000000c3700000| Untracked 
|  36|0x00000000c3800000, 0x00000000c3800000, 0x00000000c3900000|  0%| F|  |TAMS 0x00000000c3800000, 0x00000000c3800000| Untracked 
|  37|0x00000000c3900000, 0x00000000c3900000, 0x00000000c3a00000|  0%| F|  |TAMS 0x00000000c3900000, 0x00000000c3900000| Untracked 
|  38|0x00000000c3a00000, 0x00000000c3a00000, 0x00000000c3b00000|  0%| F|  |TAMS 0x00000000c3a00000, 0x00000000c3a00000| Untracked 
|  39|0x00000000c3b00000, 0x00000000c3b00000, 0x00000000c3c00000|  0%| F|  |TAMS 0x00000000c3b00000, 0x00000000c3b00000| Untracked 
|  40|0x00000000c3c00000, 0x00000000c3c00000, 0x00000000c3d00000|  0%| F|  |TAMS 0x00000000c3c00000, 0x00000000c3c00000| Untracked 
|  41|0x00000000c3d00000, 0x00000000c3d00000, 0x00000000c3e00000|  0%| F|  |TAMS 0x00000000c3d00000, 0x00000000c3d00000| Untracked 
|  42|0x00000000c3e00000, 0x00000000c3e00000, 0x00000000c3f00000|  0%| F|  |TAMS 0x00000000c3e00000, 0x00000000c3e00000| Untracked 
|  43|0x00000000c3f00000, 0x00000000c3f00000, 0x00000000c4000000|  0%| F|  |TAMS 0x00000000c3f00000, 0x00000000c3f00000| Untracked 
|  44|0x00000000c4000000, 0x00000000c4000000, 0x00000000c4100000|  0%| F|  |TAMS 0x00000000c4000000, 0x00000000c4000000| Untracked 
|  45|0x00000000c4100000, 0x00000000c4100000, 0x00000000c4200000|  0%| F|  |TAMS 0x00000000c4100000, 0x00000000c4100000| Untracked 
|  46|0x00000000c4200000, 0x00000000c4200000, 0x00000000c4300000|  0%| F|  |TAMS 0x00000000c4200000, 0x00000000c4200000| Untracked 
|  47|0x00000000c4300000, 0x00000000c4300000, 0x00000000c4400000|  0%| F|  |TAMS 0x00000000c4300000, 0x00000000c4300000| Untracked 
|  48|0x00000000c4400000, 0x00000000c4400000, 0x00000000c4500000|  0%| F|  |TAMS 0x00000000c4400000, 0x00000000c4400000| Untracked 
|  49|0x00000000c4500000, 0x00000000c4500000, 0x00000000c4600000|  0%| F|  |TAMS 0x00000000c4500000, 0x00000000c4500000| Untracked 
|  50|0x00000000c4600000, 0x00000000c4600000, 0x00000000c4700000|  0%| F|  |TAMS 0x00000000c4600000, 0x00000000c4600000| Untracked 
|  51|0x00000000c4700000, 0x00000000c4700000, 0x00000000c4800000|  0%| F|  |TAMS 0x00000000c4700000, 0x00000000c4700000| Untracked 
|  52|0x00000000c4800000, 0x00000000c4800000, 0x00000000c4900000|  0%| F|  |TAMS 0x00000000c4800000, 0x00000000c4800000| Untracked 
|  53|0x00000000c4900000, 0x00000000c4900000, 0x00000000c4a00000|  0%| F|  |TAMS 0x00000000c4900000, 0x00000000c4900000| Untracked 
|  54|0x00000000c4a00000, 0x00000000c4a00000, 0x00000000c4b00000|  0%| F|  |TAMS 0x00000000c4a00000, 0x00000000c4a00000| Untracked 
|  55|0x00000000c4b00000, 0x00000000c4b00000, 0x00000000c4c00000|  0%| F|  |TAMS 0x00000000c4b00000, 0x00000000c4b00000| Untracked 
|  56|0x00000000c4c00000, 0x00000000c4c00000, 0x00000000c4d00000|  0%| F|  |TAMS 0x00000000c4c00000, 0x00000000c4c00000| Untracked 
|  57|0x00000000c4d00000, 0x00000000c4d00000, 0x00000000c4e00000|  0%| F|  |TAMS 0x00000000c4d00000, 0x00000000c4d00000| Untracked 
|  58|0x00000000c4e00000, 0x00000000c4e00000, 0x00000000c4f00000|  0%| F|  |TAMS 0x00000000c4e00000, 0x00000000c4e00000| Untracked 
|  59|0x00000000c4f00000, 0x00000000c4f00000, 0x00000000c5000000|  0%| F|  |TAMS 0x00000000c4f00000, 0x00000000c4f00000| Untracked 
|  60|0x00000000c5000000, 0x00000000c5000000, 0x00000000c5100000|  0%| F|  |TAMS 0x00000000c5000000, 0x00000000c5000000| Untracked 
|  61|0x00000000c5100000, 0x00000000c5100000, 0x00000000c5200000|  0%| F|  |TAMS 0x00000000c5100000, 0x00000000c5100000| Untracked 
|  62|0x00000000c5200000, 0x00000000c5200000, 0x00000000c5300000|  0%| F|  |TAMS 0x00000000c5200000, 0x00000000c5200000| Untracked 
|  63|0x00000000c5300000, 0x00000000c5400000, 0x00000000c5400000|100%| E|  |TAMS 0x00000000c5300000, 0x00000000c5300000| Complete 

Card table byte_map: [0x000001bc242d0000,0x000001bc244d0000] _byte_map_base: 0x000001bc23cc6000

Marking Bits (Prev, Next): (CMBitMap*) 0x000001bc0cca1718, (CMBitMap*) 0x000001bc0cca1750
 Prev Bits: [0x000001bc246d0000, 0x000001bc25680000)
 Next Bits: [0x000001bc25680000, 0x000001bc26630000)

Polling page: 0x000001bc0a9f0000

Metaspace:

Usage:
  Non-class:      4.00 MB capacity,     3.69 MB ( 92%) used,   323.30 KB (  8%) free+waste,   192 bytes ( <1%) overhead. 
      Class:    385.00 KB capacity,   330.73 KB ( 86%) used,    54.14 KB ( 14%) free+waste,   128 bytes ( <1%) overhead. 
       Both:      4.38 MB capacity,     4.01 MB ( 92%) used,   377.44 KB (  8%) free+waste,   320 bytes ( <1%) overhead. 

Virtual space:
  Non-class space:        8.00 MB reserved,       4.25 MB ( 53%) committed 
      Class space:        1.00 GB reserved,     512.00 KB ( <1%) committed 
             Both:        1.01 GB reserved,       4.75 MB ( <1%) committed 

Chunk freelists:
   Non-Class:  0 bytes
       Class:  0 bytes
        Both:  0 bytes

CodeHeap 'non-profiled nmethods': size=120064Kb used=10Kb max_used=10Kb free=120054Kb
 bounds [0x000001bc1cb90000, 0x000001bc1ce00000, 0x000001bc240d0000]
CodeHeap 'profiled nmethods': size=120000Kb used=62Kb max_used=62Kb free=119937Kb
 bounds [0x000001bc15660000, 0x000001bc158d0000, 0x000001bc1cb90000]
CodeHeap 'non-nmethods': size=5696Kb used=1013Kb max_used=1013Kb free=4682Kb
 bounds [0x000001bc150d0000, 0x000001bc15340000, 0x000001bc15660000]
 total_blobs=327 nmethods=48 adapters=191
 compilation: enabled
              stopped_count=0, restarted_count=0
 full_count=0

Compilation events (10 events):
Event: 0.149 Thread 0x000001bc28b51800 nmethod 33 0x000001bc1566a490 code [0x000001bc1566a640, 0x000001bc1566a7b8]
Event: 0.149 Thread 0x000001bc28b51800   35       3       java.util.ImmutableCollections$SetN$SetNIterator::next (47 bytes)
Event: 0.149 Thread 0x000001bc28b51800 nmethod 35 0x000001bc1566a890 code [0x000001bc1566aa60, 0x000001bc1566adf8]
Event: 0.149 Thread 0x000001bc28b51800   34       3       java.util.concurrent.ConcurrentHashMap::spread (10 bytes)
Event: 0.149 Thread 0x000001bc28b51800 nmethod 34 0x000001bc1566af90 code [0x000001bc1566b120, 0x000001bc1566b218]
Event: 0.172 Thread 0x000001bc28b51800   38       1       java.lang.Enum::ordinal (5 bytes)
Event: 0.172 Thread 0x000001bc28b51800 nmethod 38 0x000001bc1cb91310 code [0x000001bc1cb914a0, 0x000001bc1cb91558]
Event: 0.175 Thread 0x000001bc28b51800   42       3       java.util.concurrent.ConcurrentHashMap::addCount (289 bytes)
Event: 0.177 Thread 0x000001bc28b51800 nmethod 42 0x000001bc1566b290 code [0x000001bc1566b4e0, 0x000001bc1566be68]
Event: 0.187 Thread 0x000001bc28b51800   45   !   3       java.util.concurrent.ConcurrentHashMap::putVal (432 bytes)

GC Heap History (0 events):
No events

Deoptimization events (0 events):
No events

Classes redefined (0 events):
No events

Internal exceptions (0 events):
No events

Events (10 events):
Event: 0.186 loading class java/lang/invoke/BoundMethodHandle$Specializer done
Event: 0.187 loading class java/lang/invoke/ClassSpecializer$1
Event: 0.187 loading class java/util/function/Function
Event: 0.187 loading class java/util/function/Function done
Event: 0.187 loading class java/lang/invoke/ClassSpecializer$1 done
Event: 0.187 loading class java/lang/invoke/BoundMethodHandle$SpeciesData
Event: 0.187 loading class java/lang/invoke/ClassSpecializer$SpeciesData
Event: 0.187 loading class java/lang/invoke/ClassSpecializer$SpeciesData done
Event: 0.187 loading class java/lang/invoke/BoundMethodHandle$SpeciesData done
Event: 0.189 loading class java/util/ImmutableCollections$SubList


Dynamic libraries:
0x00007ff7cbc30000 - 0x00007ff7cbc3f000 	C:\Program Files\Java\jdk-11.0.12\bin\java.exe
0x00007ff8ce5f0000 - 0x00007ff8ce7e8000 	C:\Windows\SYSTEM32\ntdll.dll
0x00007ff8cd510000 - 0x00007ff8cd5cd000 	C:\Windows\System32\KERNEL32.DLL
0x00007ff8cc0f0000 - 0x00007ff8cc3be000 	C:\Windows\System32\KERNELBASE.dll
0x00007ff8cbd10000 - 0x00007ff8cbe10000 	C:\Windows\System32\ucrtbase.dll
0x00007ff8c6ae0000 - 0x00007ff8c6af8000 	C:\Program Files\Java\jdk-11.0.12\bin\jli.dll
0x00007ff8c6630000 - 0x00007ff8c6645000 	C:\Program Files\Java\jdk-11.0.12\bin\VCRUNTIME140.dll
0x00007ff8cd2e0000 - 0x00007ff8cd38e000 	C:\Windows\System32\ADVAPI32.dll
0x00007ff8cd720000 - 0x00007ff8cd7be000 	C:\Windows\System32\msvcrt.dll
0x00007ff8cddc0000 - 0x00007ff8cde5c000 	C:\Windows\System32\sechost.dll
0x00007ff8cd890000 - 0x00007ff8cd9b5000 	C:\Windows\System32\RPCRT4.dll
0x00007ff8ccb90000 - 0x00007ff8ccd30000 	C:\Windows\System32\USER32.dll
0x00007ff8cbeb0000 - 0x00007ff8cbed2000 	C:\Windows\System32\win32u.dll
0x00007ff8ccb60000 - 0x00007ff8ccb8a000 	C:\Windows\System32\GDI32.dll
0x00007ff8bc3f0000 - 0x00007ff8bc68a000 	C:\Windows\WinSxS\amd64_microsoft.windows.common-controls_6595b64144ccf1df_6.0.19041.1110_none_60b5254171f9507e\COMCTL32.dll
0x00007ff8cbf30000 - 0x00007ff8cc03b000 	C:\Windows\System32\gdi32full.dll
0x00007ff8cbe10000 - 0x00007ff8cbead000 	C:\Windows\System32\msvcp_win.dll
0x00007ff8cbb10000 - 0x00007ff8cbb1a000 	C:\Windows\SYSTEM32\VERSION.dll
0x00007ff8cd5d0000 - 0x00007ff8cd600000 	C:\Windows\System32\IMM32.DLL
0x00007ff8cbb20000 - 0x00007ff8cbb56000 	C:\Windows\system32\DriverStore\FileRepository\nvsmi.inf_amd64_d948da72bde46eee\nvinitx.dll
0x00007ff8cde60000 - 0x00007ff8ce5a4000 	C:\Windows\System32\Shell32.dll
0x00007ff8c9dc0000 - 0x00007ff8ca554000 	C:\Windows\SYSTEM32\windows.storage.dll
0x00007ff8cc750000 - 0x00007ff8ccaa4000 	C:\Windows\System32\combase.dll
0x00007ff8cb650000 - 0x00007ff8cb680000 	C:\Windows\SYSTEM32\Wldp.dll
0x00007ff8cdb70000 - 0x00007ff8cdc1d000 	C:\Windows\System32\SHCORE.dll
0x00007ff8cd660000 - 0x00007ff8cd6b5000 	C:\Windows\System32\shlwapi.dll
0x000000005bda0000 - 0x000000005bda6000 	C:\Program Files\NVIDIA Corporation\CoProcManager\_etoured.dll
0x00007ff8c42f0000 - 0x00007ff8c4333000 	C:\Program Files\NVIDIA Corporation\CoProcManager\nvd3d9wrapx.dll
0x00007ff8cce70000 - 0x00007ff8cd2df000 	C:\Windows\System32\SETUPAPI.dll
0x00007ff8cbee0000 - 0x00007ff8cbf2e000 	C:\Windows\System32\cfgmgr32.dll
0x00007ff8cc3c0000 - 0x00007ff8cc3e7000 	C:\Windows\System32\bcrypt.dll
0x00007ff8c3f80000 - 0x00007ff8c3fad000 	C:\Program Files\NVIDIA Corporation\CoProcManager\nvdxgiwrapx.dll
0x00007ff8c52a0000 - 0x00007ff8c533b000 	C:\Program Files\Java\jdk-11.0.12\bin\msvcp140.dll
0x00007ff8a88a0000 - 0x00007ff8a939f000 	C:\Program Files\Java\jdk-11.0.12\bin\server\jvm.dll
0x00007ff8cdcd0000 - 0x00007ff8cdcd8000 	C:\Windows\System32\PSAPI.DLL
0x00007ff8c65f0000 - 0x00007ff8c65f9000 	C:\Windows\SYSTEM32\WSOCK32.dll
0x00007ff8cc6e0000 - 0x00007ff8cc74b000 	C:\Windows\System32\WS2_32.dll
0x00007ff8c28c0000 - 0x00007ff8c28e7000 	C:\Windows\SYSTEM32\WINMM.dll
0x00007ff8c9bc0000 - 0x00007ff8c9bd2000 	C:\Windows\SYSTEM32\kernel.appcore.dll
0x00007ff8c94c0000 - 0x00007ff8c94d0000 	C:\Program Files\Java\jdk-11.0.12\bin\verify.dll
0x00007ff8ba8f0000 - 0x00007ff8baad4000 	C:\Windows\SYSTEM32\DBGHELP.DLL
0x00007ff8ba810000 - 0x00007ff8ba83c000 	C:\Windows\SYSTEM32\dbgcore.DLL
0x00007ff8cc5c0000 - 0x00007ff8cc642000 	C:\Windows\System32\bcryptPrimitives.dll
0x00007ff8c5270000 - 0x00007ff8c5298000 	C:\Program Files\Java\jdk-11.0.12\bin\java.dll
0x00007ff8c6d20000 - 0x00007ff8c6d2a000 	C:\Program Files\Java\jdk-11.0.12\bin\jimage.dll
0x00007ff8c65c0000 - 0x00007ff8c65ce000 	C:\Program Files\Java\jdk-11.0.12\bin\instrument.dll
0x00007ff8c5250000 - 0x00007ff8c5266000 	C:\Program Files\Java\jdk-11.0.12\bin\zip.dll
0x00007ff8cbc50000 - 0x00007ff8cbc6f000 	C:\Windows\SYSTEM32\profapi.dll

dbghelp: loaded successfully - version: 4.0.5 - missing functions: none
symbol engine: initialized successfully - sym options: 0x614 - pdb path: .;C:\Program Files\Java\jdk-11.0.12\bin;C:\Windows\SYSTEM32;C:\Windows\WinSxS\amd64_microsoft.windows.common-controls_6595b64144ccf1df_6.0.19041.1110_none_60b5254171f9507e;C:\Windows\system32\DriverStore\FileRepository\nvsmi.inf_amd64_d948da72bde46eee;C:\Program Files\NVIDIA Corporation\CoProcManager;C:\Program Files\Java\jdk-11.0.12\bin\server

VM Arguments:
jvm_args: -javaagent:C:\Program Files\JetBrains\IntelliJ IDEA Community Edition 2022.2.1\lib\idea_rt.jar=59860:C:\Program Files\JetBrains\IntelliJ IDEA Community Edition 2022.2.1\bin -Dfile.encoding=UTF-8 
java_command: week04_10_01_2022.CharacterType
java_class_path (initial): C:\Kullanýcýlar\SAMSUNG\IdeaProjects\EU10\JavaProgrammingReviewes_EU10\out\production\JavaProgrammingReviewes_EU10
Launcher Type: SUN_STANDARD

[Global flags]
     intx CICompilerCount                          = 3                                         {product} {ergonomic}
     uint ConcGCThreads                            = 1                                         {product} {ergonomic}
     uint G1ConcRefinementThreads                  = 4                                         {product} {ergonomic}
   size_t G1HeapRegionSize                         = 1048576                                   {product} {ergonomic}
    uintx GCDrainStackTargetSize                   = 64                                        {product} {ergonomic}
   size_t InitialHeapSize                          = 67108864                                  {product} {ergonomic}
   size_t MarkStackSize                            = 4194304                                   {product} {ergonomic}
   size_t MaxHeapSize                              = 1052770304                                {product} {ergonomic}
   size_t MaxNewSize                               = 631242752                                 {product} {ergonomic}
   size_t MinHeapDeltaBytes                        = 1048576                                   {product} {ergonomic}
    uintx NonNMethodCodeHeapSize                   = 5830732                                {pd product} {ergonomic}
    uintx NonProfiledCodeHeapSize                  = 122913754                              {pd product} {ergonomic}
    uintx ProfiledCodeHeapSize                     = 122913754                              {pd product} {ergonomic}
    uintx ReservedCodeCacheSize                    = 251658240                              {pd product} {ergonomic}
     bool SegmentedCodeCache                       = true                                      {product} {ergonomic}
     bool UseCompressedClassPointers               = true                                 {lp64_product} {ergonomic}
     bool UseCompressedOops                        = true                                 {lp64_product} {ergonomic}
     bool UseG1GC                                  = true                                      {product} {ergonomic}
     bool UseLargePagesIndividualAllocation        = false                                  {pd product} {ergonomic}

Logging:
Log output configuration:
 #0: stdout all=warning uptime,level,tags
 #1: stderr all=off uptime,level,tags

Environment Variables:
PATH=C:\Program Files\Common Files\Oracle\Java\javapath;C:\Program Files (x86)\Common Files\Oracle\Java\javapath;C:\Windows\system32;C:\Windows;C:\Windows\System32\Wbem;C:\Windows\System32\WindowsPowerShell\v1.0\;C:\Windows\System32\OpenSSH\;C:\Program Files (x86)\QT Lite\QTSystem;C:\Users\SAMSUNG\AppData\Local\Microsoft\WindowsApps;;C:\Program Files\JetBrains\IntelliJ IDEA Community Edition 2022.2.1\bin;
USERNAME=SAMSUNG
OS=Windows_NT
PROCESSOR_IDENTIFIER=Intel64 Family 6 Model 42 Stepping 7, GenuineIntel



---------------  S Y S T E M  ---------------

OS: Windows 10 , 64 bit Build 19041 (10.0.19041.1889)

CPU:total 4 (initial active 4) (2 cores per cpu, 2 threads per core) family 6 model 42 stepping 7 microcode 0x2f, cmov, cx8, fxsr, mmx, sse, sse2, sse3, ssse3, sse4.1, sse4.2, popcnt, avx, aes, clmul, ht, tsc, tscinvbit

Memory: 4k page, system-wide physical 4009M (245M free)
TotalPageFile size 4009M (AvailPageFile size 133M)
current process WorkingSet (physical memory assigned to process): 28M, peak: 28M
current process commit charge ("private bytes"): 128M, peak: 128M

vm_info: Java HotSpot(TM) 64-Bit Server VM (11.0.12+8-LTS-237) for windows-amd64 JRE (11.0.12+8-LTS-237), built on Jun  8 2021 11:25:59 by "mach5one" with MS VC++ 15.9 (VS2017)

END.
